<?xml version="1.0" encoding="UTF-8"?>
<testsuite xmlns:xsi="http://www.w3.org/2001/XMLSchema-instance" xsi:noNamespaceSchemaLocation="https://maven.apache.org/surefire/maven-surefire-plugin/xsd/surefire-test-report-3.0.xsd" version="3.0" name="com.iesvjp.junit_calculadora.CalculadoraViewTest" time="12.402" tests="3" errors="0" skipped="0" failures="0">
  <properties>
[...]
</properties>
  <testcase name="testCampoVacioMuestraError" classname="com.iesvjp.junit_calculadora.CalculadoraViewTest" time="7.051"/>
  <testcase name="testSumaCorrecta" classname="com.iesvjp.junit_calculadora.CalculadoraViewTest" time="3.022"/>
  <testcase name="testResultadoNoEditable" classname="com.iesvjp.junit_calculadora.CalculadoraViewTest" time="2.227">
    <system-err><![CDATA[ene 14, 2026 7:38:59 P. M. org.assertj.swing.monitor.ProtectingTimerTask handleException
WARNING: Exception thrown by a TimerTask
java.lang.reflect.InaccessibleObjectException: Unable to make field int java.util.TimerTask.state accessible: module java.base does not "opens java.util" to unnamed module @38082d64
	at java.base/java.lang.reflect.AccessibleObject.throwInaccessibleObjectException(AccessibleObject.java:391)
	at java.base/java.lang.reflect.AccessibleObject.checkCanSetAccessible(AccessibleObject.java:367)
	at java.base/java.lang.reflect.AccessibleObject.checkCanSetAccessible(AccessibleObject.java:315)
	at java.base/java.lang.reflect.Field.checkCanSetAccessible(Field.java:183)
	at java.base/java.lang.reflect.Field.setAccessible(Field.java:177)
	at org.assertj.swing.dependency.fest_reflect.util.Accessibles$SetAccessibleAction.run(Accessibles.java:70)
	at org.assertj.swing.dependency.fest_reflect.util.Accessibles$SetAccessibleAction.run(Accessibles.java:60)
	at java.base/java.security.AccessController.doPrivileged(AccessController.java:319)
	at org.assertj.swing.dependency.fest_reflect.util.Accessibles.setAccessible(Accessibles.java:57)
	at org.assertj.swing.dependency.fest_reflect.util.Accessibles.makeAccessible(Accessibles.java:46)
	at org.assertj.swing.dependency.fest_reflect.field.Invoker.verifyCorrectType(Invoker.java:98)
	at org.assertj.swing.dependency.fest_reflect.field.Invoker.createInvoker(Invoker.java:74)
	at org.assertj.swing.dependency.fest_reflect.field.Invoker.newInvoker(Invoker.java:68)
	at org.assertj.swing.dependency.fest_reflect.field.FieldType.in(FieldType.java:74)
	at org.assertj.swing.monitor.ProtectingTimerTask.isCanceled(ProtectingTimerTask.java:54)
	at org.assertj.swing.monitor.ProtectingTimerTask.run(ProtectingTimerTask.java:41)
	at java.base/java.util.TimerThread.mainLoop(Timer.java:566)
	at java.base/java.util.TimerThread.run(Timer.java:516)

ene 14, 2026 7:38:59 P. M. org.assertj.swing.monitor.ProtectingTimerTask handleException
WARNING: Exception thrown by a TimerTask
java.lang.reflect.InaccessibleObjectException: Unable to make field int java.util.TimerTask.state accessible: module java.base does not "opens java.util" to unnamed module @38082d64
	at java.base/java.lang.reflect.AccessibleObject.throwInaccessibleObjectException(AccessibleObject.java:391)
	at java.base/java.lang.reflect.AccessibleObject.checkCanSetAccessible(AccessibleObject.java:367)
	at java.base/java.lang.reflect.AccessibleObject.checkCanSetAccessible(AccessibleObject.java:315)
	at java.base/java.lang.reflect.Field.checkCanSetAccessible(Field.java:183)
	at java.base/java.lang.reflect.Field.setAccessible(Field.java:177)
	at org.assertj.swing.dependency.fest_reflect.util.Accessibles$SetAccessibleAction.run(Accessibles.java:70)
	at org.assertj.swing.dependency.fest_reflect.util.Accessibles$SetAccessibleAction.run(Accessibles.java:60)
	at java.base/java.security.AccessController.doPrivileged(AccessController.java:319)
	at org.assertj.swing.dependency.fest_reflect.util.Accessibles.setAccessible(Accessibles.java:57)
	at org.assertj.swing.dependency.fest_reflect.util.Accessibles.makeAccessible(Accessibles.java:46)
	at org.assertj.swing.dependency.fest_reflect.field.Invoker.verifyCorrectType(Invoker.java:98)
	at org.assertj.swing.dependency.fest_reflect.field.Invoker.createInvoker(Invoker.java:74)
	at org.assertj.swing.dependency.fest_reflect.field.Invoker.newInvoker(Invoker.java:68)
	at org.assertj.swing.dependency.fest_reflect.field.FieldType.in(FieldType.java:74)
	at org.assertj.swing.monitor.ProtectingTimerTask.isCanceled(ProtectingTimerTask.java:54)
	at org.assertj.swing.monitor.ProtectingTimerTask.run(ProtectingTimerTask.java:41)
	at java.base/java.util.TimerThread.mainLoop(Timer.java:566)
	at java.base/java.util.TimerThread.run(Timer.java:516)

]]></system-err>
  </testcase>
</testsuite>